/home/wanted-1/PotenupWorkspace/ProjectML/.venv/lib/python3.12/site-packages/pydantic/_internal/_config.py:383: UserWarning: Valid config keys have changed in V2:
* 'orm_mode' has been renamed to 'from_attributes'
  warnings.warn(message, UserWarning)
/home/wanted-1/PotenupWorkspace/ProjectML/.venv/lib/python3.12/site-packages/pydantic/main.py:250: UserWarning: WARNING! top_p is not default parameter.
                    top_p was transferred to model_kwargs.
                    Please confirm that top_p is what you intended.
  validated_self = self.__pydantic_validator__.validate_python(data, self_instance=self)
Fetching 30 files:   0%|          | 0/30 [00:00<?, ?it/s]Fetching 30 files: 100%|██████████| 30/30 [00:00<00:00, 4134.76it/s]
initial target device:   0%|          | 0/2 [00:00<?, ?it/s]initial target device:  50%|█████     | 1/2 [00:02<00:02,  2.06s/it]initial target device: 100%|██████████| 2/2 [00:04<00:00,  2.07s/it]initial target device: 100%|██████████| 2/2 [00:04<00:00,  2.07s/it]
Chunks:   0%|          | 0/2 [00:00<?, ?it/s]You're using a XLMRobertaTokenizerFast tokenizer. Please note that with a fast tokenizer, using the `__call__` method is faster than using a method to encode the text followed by a call to the `pad` method to get a padded encoding.
Chunks:  50%|█████     | 1/2 [00:00<00:00,  1.78it/s]You're using a XLMRobertaTokenizerFast tokenizer. Please note that with a fast tokenizer, using the `__call__` method is faster than using a method to encode the text followed by a call to the `pad` method to get a padded encoding.
Chunks: 100%|██████████| 2/2 [00:00<00:00,  2.43it/s]Chunks: 100%|██████████| 2/2 [00:00<00:00,  2.30it/s]
Chunks:   0%|          | 0/2 [00:00<?, ?it/s]Chunks: 100%|██████████| 2/2 [00:00<00:00, 127.31it/s]
Chunks:   0%|          | 0/2 [00:00<?, ?it/s]Chunks: 100%|██████████| 2/2 [00:00<00:00, 138.10it/s]
/home/wanted-1/PotenupWorkspace/ProjectML/.venv/lib/python3.12/site-packages/pydantic/main.py:250: UserWarning: WARNING! top_p is not default parameter.
                    top_p was transferred to model_kwargs.
                    Please confirm that top_p is what you intended.
  validated_self = self.__pydantic_validator__.validate_python(data, self_instance=self)
INFO:     Started server process [1298800]
INFO:     Waiting for application startup.
INFO:     Application startup complete.
INFO:     Uvicorn running on http://0.0.0.0:9999 (Press CTRL+C to quit)
2025-12-18 16:19:17 | INFO | [e59087254c] -> 100.76.42.114 POST /stt/wav
2025-12-18 16:19:17 | INFO | [e59087254c] -> 100.76.42.114 POST /stt/wav
2025-12-18 16:19:17 | INFO | [e59087254c] upload filename=record3.wav content_type=audio/wave bytes=96044
2025-12-18 16:19:17 | INFO | [e59087254c] upload filename=record3.wav content_type=audio/wave bytes=96044
2025-12-18 16:19:17 | INFO | [e59087254c] saved upload -> ./uploads/stt_20251218_161917_087430_record3.wav
2025-12-18 16:19:17 | INFO | [e59087254c] saved upload -> ./uploads/stt_20251218_161917_087430_record3.wav
2025-12-18 16:19:17 | INFO | [e59087254c] transcribe done in 0.397s text_len=14
2025-12-18 16:19:17 | INFO | [e59087254c] transcribe done in 0.397s text_len=14
2025-12-18 16:19:17 | INFO | [e59087254c] <- 200 (0.412s)
2025-12-18 16:19:17 | INFO | [e59087254c] <- 200 (0.412s)
INFO:     100.76.42.114:59412 - "POST /stt/wav HTTP/1.1" 200 OK
2025-12-18 16:19:26 | INFO | [e3245c9d87] -> 100.76.42.114 POST /stt/pcm
2025-12-18 16:19:26 | INFO | [e3245c9d87] -> 100.76.42.114 POST /stt/pcm
2025-12-18 16:19:26 | INFO | [e3245c9d87] pcm bytes=160000
2025-12-18 16:19:26 | INFO | [e3245c9d87] pcm bytes=160000
2025-12-18 16:19:26 | INFO | [e3245c9d87] saved pcm wav -> ./uploads/pcm_20251218_161926_508296_mic_stream.wav
2025-12-18 16:19:26 | INFO | [e3245c9d87] saved pcm wav -> ./uploads/pcm_20251218_161926_508296_mic_stream.wav
2025-12-18 16:19:26 | INFO | [e3245c9d87] transcribe done in 0.178s text_len=18
2025-12-18 16:19:26 | INFO | [e3245c9d87] transcribe done in 0.178s text_len=18
2025-12-18 16:19:26 | INFO | [e3245c9d87] <- 200 (0.200s)
2025-12-18 16:19:26 | INFO | [e3245c9d87] <- 200 (0.200s)
INFO:     100.76.42.114:59418 - "POST /stt/pcm HTTP/1.1" 200 OK
2025-12-18 16:19:29 | INFO | [724e26b839] -> 100.76.42.114 POST /stt/wav
2025-12-18 16:19:29 | INFO | [724e26b839] -> 100.76.42.114 POST /stt/wav
2025-12-18 16:19:29 | INFO | [724e26b839] upload filename=record3.wav content_type=audio/wave bytes=96044
2025-12-18 16:19:29 | INFO | [724e26b839] upload filename=record3.wav content_type=audio/wave bytes=96044
2025-12-18 16:19:29 | INFO | [724e26b839] saved upload -> ./uploads/stt_20251218_161929_814942_record3.wav
2025-12-18 16:19:29 | INFO | [724e26b839] saved upload -> ./uploads/stt_20251218_161929_814942_record3.wav
2025-12-18 16:19:29 | INFO | [724e26b839] transcribe done in 0.159s text_len=14
2025-12-18 16:19:29 | INFO | [724e26b839] transcribe done in 0.159s text_len=14
2025-12-18 16:19:29 | INFO | [724e26b839] <- 200 (0.169s)
2025-12-18 16:19:29 | INFO | [724e26b839] <- 200 (0.169s)
INFO:     100.76.42.114:59418 - "POST /stt/wav HTTP/1.1" 200 OK
